<?xml version="1.0" encoding="UTF-8"?>
<Site BuildName="Win32-mingw32-make"
	BuildStamp="20240913-0351-Experimental"
	Name="uo010035"
	Generator="ctest-3.24.0-rc2"
	CompilerName="C:/Program Files/CodeBlocks/MinGW/bin/g++.exe"
	CompilerVersion="8.1.0"
	OSName="Windows"
	Hostname="uo010035"
	OSRelease=" Professional"
	OSVersion=" (Build 19045)"
	OSPlatform="AMD64"
	Is64Bits="1"
	VendorString="GenuineIntel"
	VendorID="Intel Corporation"
	FamilyID="6"
	ModelID="7"
	ProcessorCacheSize="-1"
	NumberOfLogicalCPU="20"
	NumberOfPhysicalCPU="12"
	TotalVirtualMemory="18504"
	TotalPhysicalMemory="16072"
	LogicalProcessorsPerPhysical="1"
	ProcessorClockFrequency="2112"
	>
	<Testing>
		<StartDateTime>Sep 13 15:51 New Zealand Standard Time</StartDateTime>
		<StartTestTime>1726199503</StartTestTime>
		<TestList/>
		<EndDateTime>Sep 13 15:51 New Zealand Standard Time</EndDateTime>
		<EndTestTime>1726199503</EndTestTime>
		<ElapsedMinutes>0</ElapsedMinutes>
	</Testing>
</Site>
